<?xml version="1.0" encoding="UTF-8"?>
<!-- Generated by org.testng.reporters.JUnitReportReporter -->
<testsuite skipped="0" hostname="ASDP1512PO01976" name="testcases1.Launchpage" tests="1" failures="0" timestamp="10 Sep 2018 11:23:03 GMT" time="8.010" errors="0">
  <testcase name="LaunchingBaseURL" time="8.010" classname="testcases1.Launchpage"/>
</testsuite> <!-- testcases1.Launchpage -->
